\BOOKMARK [0][-]{section*.1}{\376\377\000\315\000n\000d\000i\000c\000e\000\040\000d\000e\000\040\000s\000\355\000m\000b\000o\000l\000o\000s}{}% 1
\BOOKMARK [0][-]{section*.3}{\376\377\000\315\000n\000d\000i\000c\000e\000\040\000d\000e\000\040\000c\000o\000n\000t\000e\000n\000i\000d\000o\000s}{}% 2
\BOOKMARK [0][-]{section*.5}{\376\377\000\315\000n\000d\000i\000c\000e\000\040\000d\000e\000\040\000f\000i\000g\000u\000r\000a\000s}{}% 3
\BOOKMARK [0][-]{section*.7}{\376\377\000\315\000n\000d\000i\000c\000e\000\040\000d\000e\000\040\000t\000a\000b\000l\000a\000s}{}% 4
\BOOKMARK [0][-]{section*.9}{\376\377\000R\000e\000s\000u\000m\000e\000n}{}% 5
\BOOKMARK [0][-]{section*.11}{\376\377\000A\000b\000s\000t\000r\000a\000c\000t}{}% 6
\BOOKMARK [0][-]{chapter.1}{\376\377\000I\000n\000t\000r\000o\000d\000u\000c\000c\000i\000\363\000n}{}% 7
\BOOKMARK [1][-]{section.1.1}{\376\377\000A\000n\000t\000e\000c\000e\000d\000e\000n\000t\000e\000s}{chapter.1}% 8
\BOOKMARK [1][-]{section.1.2}{\376\377\000O\000b\000j\000e\000t\000i\000v\000o\000s}{chapter.1}% 9
\BOOKMARK [1][-]{section.1.3}{\376\377\000O\000r\000g\000a\000n\000i\000z\000a\000c\000i\000\363\000n\000\040\000d\000e\000\040\000l\000a\000\040\000T\000\351\000s\000i\000s}{chapter.1}% 10
\BOOKMARK [0][-]{chapter.2}{\376\377\000T\000r\000a\000n\000s\000m\000i\000s\000i\000\363\000n\000\040\000O\000F\000D\000M\000\040\000e\000n\000\040\000E\000s\000t\000\341\000n\000d\000a\000r\000\040\000I\000E\000E\000E\000\040\0008\0000\0002\000.\0001\0001\000a}{}% 11
\BOOKMARK [1][-]{section.2.1}{\376\377\000S\000\355\000m\000b\000o\000l\000o\000\040\000O\000F\000D\000M}{chapter.2}% 12
\BOOKMARK [2][-]{subsection.2.1.1}{\376\377\000D\000u\000r\000a\000c\000i\000\363\000n\000\040\000T\000e\000m\000p\000o\000r\000a\000l\000\040\000d\000e\000l\000\040\000S\000\355\000m\000b\000o\000l\000o}{section.2.1}% 13
\BOOKMARK [2][-]{subsection.2.1.2}{\376\377\000D\000e\000f\000i\000n\000i\000c\000i\000\363\000n\000\040\000d\000e\000\040\000S\000u\000b\000p\000o\000r\000t\000a\000d\000o\000r\000a\000s}{section.2.1}% 14
\BOOKMARK [2][-]{subsection.2.1.3}{\376\377\000I\000F\000F\000T}{section.2.1}% 15
\BOOKMARK [2][-]{subsection.2.1.4}{\376\377\000P\000r\000e\000f\000i\000j\000o\000\040\000C\000\355\000c\000l\000i\000c\000o}{section.2.1}% 16
\BOOKMARK [1][-]{section.2.2}{\376\377\000E\000s\000t\000r\000u\000c\000t\000u\000r\000a\000\040\000d\000e\000\040\000l\000a\000\040\000P\000P\000D\000U}{chapter.2}% 17
\BOOKMARK [1][-]{section.2.3}{\376\377\000P\000H\000Y\000\040\000P\000r\000e\000a\000m\000b\000l\000e}{chapter.2}% 18
\BOOKMARK [2][-]{subsection.2.3.1}{\376\377\000S\000\355\000m\000b\000o\000l\000o\000\040\000C\000o\000r\000t\000o\000\040\000d\000e\000\040\000E\000n\000t\000r\000e\000n\000a\000m\000i\000e\000n\000t\000o}{section.2.3}% 19
\BOOKMARK [2][-]{subsection.2.3.2}{\376\377\000S\000\355\000m\000b\000o\000l\000o\000\040\000L\000a\000r\000g\000o\000\040\000d\000e\000\040\000E\000n\000t\000r\000e\000n\000a\000m\000i\000e\000n\000t\000o}{section.2.3}% 20
\BOOKMARK [1][-]{section.2.4}{\376\377\000R\000e\000s\000u\000m\000e\000n\000\040\000d\000e\000l\000\040\000C\000a\000p\000\355\000t\000u\000l\000o}{chapter.2}% 21
\BOOKMARK [0][-]{chapter.3}{\376\377\000M\000\351\000t\000o\000d\000o\000s\000\040\000d\000e\000\040\000S\000i\000n\000c\000r\000o\000n\000i\000s\000m\000o}{}% 22
\BOOKMARK [1][-]{section.3.1}{\376\377\000S\000i\000n\000c\000r\000o\000n\000i\000s\000m\000o\000\040\000e\000n\000\040\000O\000F\000D\000M}{chapter.3}% 23
\BOOKMARK [2][-]{subsection.3.1.1}{\376\377\000S\000i\000n\000c\000r\000o\000n\000i\000s\000m\000o\000\040\000e\000n\000\040\000T\000i\000e\000m\000p\000o}{section.3.1}% 24
\BOOKMARK [2][-]{subsection.3.1.2}{\376\377\000S\000i\000n\000c\000r\000o\000n\000i\000s\000m\000o\000\040\000e\000n\000\040\000F\000r\000e\000c\000u\000e\000n\000c\000i\000a}{section.3.1}% 25
\BOOKMARK [1][-]{section.3.2}{\376\377\000B\000a\000n\000c\000o\000\040\000d\000e\000\040\000C\000o\000r\000r\000e\000l\000a\000d\000o\000r\000e\000s}{chapter.3}% 26
\BOOKMARK [2][-]{subsection.3.2.1}{\376\377\000E\000s\000t\000i\000m\000a\000c\000i\000\363\000n\000\040\000c\000o\000n\000\040\000u\000n\000a\000\040\000\372\000n\000i\000c\000a\000\040\000r\000e\000f\000e\000r\000e\000n\000c\000i\000a}{section.3.2}% 27
\BOOKMARK [2][-]{subsection.3.2.2}{\376\377\000E\000s\000t\000i\000m\000a\000c\000i\000\363\000n\000\040\000d\000e\000\040\000e\000r\000r\000o\000r\000\040\000e\000n\000\040\000f\000r\000e\000c\000u\000e\000n\000c\000i\000a}{section.3.2}% 28
\BOOKMARK [2][-]{subsection.3.2.3}{\376\377\000I\000m\000p\000l\000e\000m\000e\000n\000t\000a\000c\000i\000\363\000n\000\040\000e\000n\000\040\000L\000a\000b\000V\000I\000E\000W}{section.3.2}% 29
\BOOKMARK [1][-]{section.3.3}{\376\377\000M\000\351\000t\000o\000d\000o\000\040\000D\000e\000l\000a\000y\000\040\000a\000n\000d\000\040\000C\000o\000r\000r\000e\000l\000a\000t\000e}{chapter.3}% 30
\BOOKMARK [2][-]{subsection.3.3.1}{\376\377\000P\000r\000i\000n\000c\000i\000p\000i\000o\000\040\000d\000e\000l\000\040\000M\000\351\000t\000o\000d\000o}{section.3.3}% 31
\BOOKMARK [2][-]{subsection.3.3.2}{\376\377\000I\000m\000p\000l\000e\000m\000e\000n\000t\000a\000c\000i\000\363\000n\000\040\000e\000n\000\040\000L\000a\000b\000V\000I\000E\000W}{section.3.3}% 32
\BOOKMARK [0][-]{chapter.4}{\376\377\000P\000r\000o\000b\000l\000e\000m\000a\000\040\000d\000e\000\040\000D\000e\000t\000e\000c\000c\000i\000\363\000n}{}% 33
\BOOKMARK [1][-]{section.4.1}{\376\377\000F\000o\000r\000m\000u\000l\000a\000c\000i\000\363\000n\000\040\000d\000e\000l\000\040\000p\000r\000o\000b\000l\000e\000m\000a}{chapter.4}% 34
\BOOKMARK [1][-]{section.4.2}{\376\377\000D\000e\000f\000i\000n\000i\000c\000i\000\363\000n\000\040\000d\000e\000\040\000H\000i\000p\000\363\000t\000e\000s\000i\000s}{chapter.4}% 35
\BOOKMARK [2][-]{subsection.4.2.1}{\376\377\000D\000e\000f\000i\000n\000i\000c\000i\000\363\000n\000\040\000d\000e\000\040\000R\000e\000l\000a\000c\000i\000\363\000n\000\040\000S\000e\000\361\000a\000l\000\040\000a\000\040\000R\000u\000i\000d\000o}{section.4.2}% 36
\BOOKMARK [1][-]{section.4.3}{\376\377\000S\000e\000l\000e\000c\000c\000i\000\363\000n\000\040\000d\000e\000l\000\040\000E\000s\000t\000a\000d\000\355\000s\000t\000i\000c\000o}{chapter.4}% 37
\BOOKMARK [2][-]{subsection.4.3.1}{\376\377\000R\000e\000g\000l\000a\000\040\000d\000e\000\040\000D\000e\000c\000i\000s\000i\000\363\000n}{section.4.3}% 38
\BOOKMARK [1][-]{section.4.4}{\376\377\000E\000n\000\040\000c\000a\000s\000o\000\040\000d\000e\000\040\000H\000i\000p\000\363\000t\000e\000s\000i\000s\000\040\0000\000\040\000c\000i\000e\000r\000t\000a}{chapter.4}% 39
\BOOKMARK [1][-]{section.4.5}{\376\377\000E\000n\000\040\000c\000a\000s\000o\000\040\000d\000e\000\040\000H\000i\000p\000\363\000t\000e\000s\000i\000s\000\040\0001\000\040\000c\000i\000e\000r\000t\000a}{chapter.4}% 40
\BOOKMARK [1][-]{section.4.6}{\376\377\000E\000s\000t\000i\000m\000a\000c\000i\000\363\000n\000\040\000d\000e\000l\000\040\000V\000a\000r\000i\000a\000n\000z\000a\000\040\000d\000e\000l\000\040\000R\000u\000i\000d\000o}{chapter.4}% 41
\BOOKMARK [0][-]{appendix.Alph1}{\376\377\000E\000j\000e\000m\000p\000l\000o\000\040\000d\000e\000\040\000a\000p\000\351\000n\000d\000i\000c\000e\000:\000\040\000E\000l\000\040\000p\000r\000o\000b\000l\000e\000m\000a\000\040\000d\000e\000\040\000l\000a\000\040\000m\000e\000d\000i\000d\000a}{}% 42
\BOOKMARK [0][-]{section*.32}{\376\377\000B\000i\000b\000l\000i\000o\000g\000r\000a\000f\000\355\000a}{}% 43
\BOOKMARK [0][-]{section*.34}{\376\377\000P\000u\000b\000l\000i\000c\000a\000c\000i\000o\000n\000e\000s\000\040\000a\000s\000o\000c\000i\000a\000d\000a\000s}{}% 44
\BOOKMARK [0][-]{section*.36}{\376\377\000A\000g\000r\000a\000d\000e\000c\000i\000m\000i\000e\000n\000t\000o\000s}{}% 45
