This is pdfTeX, Version 3.141592653-2.6-1.40.25 (TeX Live 2023/Arch Linux) (preloaded format=pdflatex 2024.2.23)  12 APR 2024 20:21
entering extended mode
 restricted \write18 enabled.
 file:line:error style messages enabled.
 %&-line parsing enabled.
**/home/inox/Documents/IB/Tésis/Tésis/ibtesis/template.tex
(/home/inox/Documents/IB/Tésis/Tésis/ibtesis/template.tex
LaTeX2e <2022-11-01> patch level 1
L3 programming layer <2023-02-22> (./ibtesis.cls
Document Class: ibtesis 2010/10/25 v0.8 (a4 paper) IB - UnCuyo
(/usr/share/texmf-dist/tex/latex/base/book.cls
Document Class: book 2022/07/02 v1.4n Standard LaTeX document class
(/usr/share/texmf-dist/tex/latex/base/bk12.clo
File: bk12.clo 2022/07/02 v1.4n Standard LaTeX file (size option)
)
\c@part=\count185
\c@chapter=\count186
\c@section=\count187
\c@subsection=\count188
\c@subsubsection=\count189
\c@paragraph=\count190
\c@subparagraph=\count191
\c@figure=\count192
\c@table=\count193
\abovecaptionskip=\skip48
\belowcaptionskip=\skip49
\bibindent=\dimen140
) (/usr/share/texmf-dist/tex/generic/iftex/ifpdf.sty
Package: ifpdf 2019/10/25 v3.4 ifpdf legacy package. Use iftex instead.
 (/usr/share/texmf-dist/tex/generic/iftex/iftex.sty
Package: iftex 2022/02/03 v1.0f TeX engine tests
)) (/usr/share/texmf-dist/tex/generic/babel/babel.sty
Package: babel 2023/02/13 3.86 The Babel package
\babel@savecnt=\count194
\U@D=\dimen141
\l@unhyphenated=\language10
 (/usr/share/texmf-dist/tex/generic/babel/txtbabel.def)
\bbl@readstream=\read2
\bbl@dirlevel=\count195
 (/usr/share/texmf-dist/tex/generic/babel-english/english.ldf
Language: english 2017/06/06 v3.3r English support from the babel system
Package babel Info: Hyphen rules for 'british' set to \l@english
(babel)             (\language0). Reported on input line 82.
Package babel Info: Hyphen rules for 'UKenglish' set to \l@english
(babel)             (\language0). Reported on input line 83.
Package babel Info: Hyphen rules for 'canadian' set to \l@english
(babel)             (\language0). Reported on input line 102.
Package babel Info: Hyphen rules for 'australian' set to \l@english
(babel)             (\language0). Reported on input line 105.
Package babel Info: Hyphen rules for 'newzealand' set to \l@english
(babel)             (\language0). Reported on input line 108.
) (/usr/share/texmf-dist/tex/generic/babel-spanish/spanish.ldf
Language: spanish.ldf 2021/05/27 v5.0q Spanish support from the babel system
\es@quottoks=\toks16
\es@quotdepth=\count196
Package babel Info: Making " an active character on input line 570.
Package babel Info: Making . an active character on input line 675.
Package babel Info: Making < an active character on input line 722.
Package babel Info: Making > an active character on input line 722.
)) (/usr/share/texmf-dist/tex/generic/babel/locale/es/babel-spanish.tex
Package babel Info: Importing font and identification data for spanish
(babel)             from babel-es.ini. Reported on input line 11.
) (/usr/share/texmf-dist/tex/generic/babel/locale/en/babel-english.tex
Package babel Info: Importing font and identification data for english
(babel)             from babel-en.ini. Reported on input line 11.
) (/usr/share/texmf-dist/tex/latex/base/makeidx.sty
Package: makeidx 2021/10/04 v1.0m Standard LaTeX package
) (/usr/share/texmf-dist/tex/latex/caption/caption.sty
Package: caption 2023/03/12 v3.6j Customizing captions (AR)
 (/usr/share/texmf-dist/tex/latex/caption/caption3.sty
Package: caption3 2023/03/12 v2.4 caption3 kernel (AR)
 (/usr/share/texmf-dist/tex/latex/graphics/keyval.sty
Package: keyval 2022/05/29 v1.15 key=value parser (DPC)
\KV@toks@=\toks17
)
\caption@tempdima=\dimen142
\captionmargin=\dimen143
\caption@leftmargin=\dimen144
\caption@rightmargin=\dimen145
\caption@width=\dimen146
\caption@indent=\dimen147
\caption@parindent=\dimen148
\caption@hangindent=\dimen149
Package caption Info: Standard document class detected.
)
\c@caption@flags=\count197
\c@continuedfloat=\count198
) (/usr/share/texmf-dist/tex/latex/yafoot/fnpos.sty
Package: fnpos 2018/09/03 v1.1 
) (/usr/share/texmf-dist/tex/latex/amsmath/amsmath.sty
Package: amsmath 2022/04/08 v2.17n AMS math features
\@mathmargin=\skip50

For additional information on amsmath, use the `?' option.
(/usr/share/texmf-dist/tex/latex/amsmath/amstext.sty
Package: amstext 2021/08/26 v2.01 AMS text
 (/usr/share/texmf-dist/tex/latex/amsmath/amsgen.sty
File: amsgen.sty 1999/11/30 v2.0 generic functions
\@emptytoks=\toks18
\ex@=\dimen150
)) (/usr/share/texmf-dist/tex/latex/amsmath/amsbsy.sty
Package: amsbsy 1999/11/29 v1.2d Bold Symbols
\pmbraise@=\dimen151
) (/usr/share/texmf-dist/tex/latex/amsmath/amsopn.sty
Package: amsopn 2022/04/08 v2.04 operator names
)
\inf@bad=\count199
LaTeX Info: Redefining \frac on input line 234.
\uproot@=\count266
\leftroot@=\count267
LaTeX Info: Redefining \overline on input line 399.
LaTeX Info: Redefining \colon on input line 410.
\classnum@=\count268
\DOTSCASE@=\count269
LaTeX Info: Redefining \ldots on input line 496.
LaTeX Info: Redefining \dots on input line 499.
LaTeX Info: Redefining \cdots on input line 620.
\Mathstrutbox@=\box51
\strutbox@=\box52
LaTeX Info: Redefining \big on input line 722.
LaTeX Info: Redefining \Big on input line 723.
LaTeX Info: Redefining \bigg on input line 724.
LaTeX Info: Redefining \Bigg on input line 725.
\big@size=\dimen152
LaTeX Font Info:    Redeclaring font encoding OML on input line 743.
LaTeX Font Info:    Redeclaring font encoding OMS on input line 744.
\macc@depth=\count270
LaTeX Info: Redefining \bmod on input line 905.
LaTeX Info: Redefining \pmod on input line 910.
LaTeX Info: Redefining \smash on input line 940.
LaTeX Info: Redefining \relbar on input line 970.
LaTeX Info: Redefining \Relbar on input line 971.
\c@MaxMatrixCols=\count271
\dotsspace@=\muskip16
\c@parentequation=\count272
\dspbrk@lvl=\count273
\tag@help=\toks19
\row@=\count274
\column@=\count275
\maxfields@=\count276
\andhelp@=\toks20
\eqnshift@=\dimen153
\alignsep@=\dimen154
\tagshift@=\dimen155
\tagwidth@=\dimen156
\totwidth@=\dimen157
\lineht@=\dimen158
\@envbody=\toks21
\multlinegap=\skip51
\multlinetaggap=\skip52
\mathdisplay@stack=\toks22
LaTeX Info: Redefining \[ on input line 2953.
LaTeX Info: Redefining \] on input line 2954.
) (/usr/share/texmf-dist/tex/latex/tools/bm.sty
Package: bm 2022/01/05 v1.2f Bold Symbol Support (DPC/FMi)
\symboldoperators=\mathgroup4
\symboldletters=\mathgroup5
\symboldsymbols=\mathgroup6
Package bm Info: No bold for \OMX/cmex/m/n, using \pmb.
LaTeX Font Info:    Redeclaring math alphabet \mathbf on input line 149.
) (/usr/share/texmf-dist/tex/latex/graphics/graphicx.sty
Package: graphicx 2021/09/16 v1.2d Enhanced LaTeX Graphics (DPC,SPQR)
 (/usr/share/texmf-dist/tex/latex/graphics/graphics.sty
Package: graphics 2022/03/10 v1.4e Standard LaTeX Graphics (DPC,SPQR)
 (/usr/share/texmf-dist/tex/latex/graphics/trig.sty
Package: trig 2021/08/11 v1.11 sin cos tan (DPC)
) (/usr/share/texmf-dist/tex/latex/graphics-cfg/graphics.cfg
File: graphics.cfg 2016/06/04 v1.11 sample graphics configuration
)
Package graphics Info: Driver file: pdftex.def on input line 107.
 (/usr/share/texmf-dist/tex/latex/graphics-def/pdftex.def
File: pdftex.def 2022/09/22 v1.2b Graphics/color driver for pdftex
))
\Gin@req@height=\dimen159
\Gin@req@width=\dimen160
) (/usr/share/texmf-dist/tex/latex/graphics/color.sty
Package: color 2022/01/06 v1.3d Standard LaTeX Color (DPC)
 (/usr/share/texmf-dist/tex/latex/graphics-cfg/color.cfg
File: color.cfg 2016/01/02 v1.6 sample color configuration
)
Package color Info: Driver file: pdftex.def on input line 149.
 (/usr/share/texmf-dist/tex/latex/graphics/mathcolor.ltx)) (/usr/share/texmf-dist/tex/latex/fancyhdr/fancyhdr.sty
Package: fancyhdr 2022/11/09 v4.1 Extensive control of page headers and footers
\f@nch@headwidth=\skip53
\f@nch@O@elh=\skip54
\f@nch@O@erh=\skip55
\f@nch@O@olh=\skip56
\f@nch@O@orh=\skip57
\f@nch@O@elf=\skip58
\f@nch@O@erf=\skip59
\f@nch@O@olf=\skip60
\f@nch@O@orf=\skip61
) (/usr/share/texmf-dist/tex/latex/changepage/changepage.sty
Package: changepage 2009/10/20 v1.0c check page and change page layout
\c@cp@cntr=\count277
\cp@tempcnt=\count278
) (/usr/share/texmf-dist/tex/latex/tools/calc.sty
Package: calc 2017/05/25 v4.3 Infix arithmetic (KKT,FJ)
\calc@Acount=\count279
\calc@Bcount=\count280
\calc@Adimen=\dimen161
\calc@Bdimen=\dimen162
\calc@Askip=\skip62
\calc@Bskip=\skip63
LaTeX Info: Redefining \setlength on input line 80.
LaTeX Info: Redefining \addtolength on input line 81.
\calc@Ccount=\count281
\calc@Cskip=\skip64
) (/usr/share/texmf-dist/tex/latex/geometry/geometry.sty
Package: geometry 2020/01/02 v5.9 Page Geometry
 (/usr/share/texmf-dist/tex/generic/iftex/ifvtex.sty
Package: ifvtex 2019/10/25 v1.7 ifvtex legacy package. Use iftex instead.
)
\Gm@cnth=\count282
\Gm@cntv=\count283
\c@Gm@tempcnt=\count284
\Gm@bindingoffset=\dimen163
\Gm@wd@mp=\dimen164
\Gm@odd@mp=\dimen165
\Gm@even@mp=\dimen166
\Gm@layoutwidth=\dimen167
\Gm@layoutheight=\dimen168
\Gm@layouthoffset=\dimen169
\Gm@layoutvoffset=\dimen170
\Gm@dimlist=\toks23
) (/usr/share/texmf-dist/tex/latex/setspace/setspace.sty
Package: setspace 2022/12/04 v6.7b set line spacing
) (/usr/share/texmf-dist/tex/latex/hyperref/hyperref.sty
Package: hyperref 2023-02-07 v7.00v Hypertext links for LaTeX
 (/usr/share/texmf-dist/tex/generic/ltxcmds/ltxcmds.sty
Package: ltxcmds 2020-05-10 v1.25 LaTeX kernel commands for general use (HO)
) (/usr/share/texmf-dist/tex/generic/pdftexcmds/pdftexcmds.sty
Package: pdftexcmds 2020-06-27 v0.33 Utility functions of pdfTeX for LuaTeX (HO)
 (/usr/share/texmf-dist/tex/generic/infwarerr/infwarerr.sty
Package: infwarerr 2019/12/03 v1.5 Providing info/warning/error messages (HO)
)
Package pdftexcmds Info: \pdf@primitive is available.
Package pdftexcmds Info: \pdf@ifprimitive is available.
Package pdftexcmds Info: \pdfdraftmode found.
) (/usr/share/texmf-dist/tex/latex/kvsetkeys/kvsetkeys.sty
Package: kvsetkeys 2022-10-05 v1.19 Key value parser (HO)
) (/usr/share/texmf-dist/tex/generic/kvdefinekeys/kvdefinekeys.sty
Package: kvdefinekeys 2019-12-19 v1.6 Define keys (HO)
) (/usr/share/texmf-dist/tex/generic/pdfescape/pdfescape.sty
Package: pdfescape 2019/12/09 v1.15 Implements pdfTeX's escape features (HO)
) (/usr/share/texmf-dist/tex/latex/hycolor/hycolor.sty
Package: hycolor 2020-01-27 v1.10 Color options for hyperref/bookmark (HO)
) (/usr/share/texmf-dist/tex/latex/letltxmacro/letltxmacro.sty
Package: letltxmacro 2019/12/03 v1.6 Let assignment for LaTeX macros (HO)
) (/usr/share/texmf-dist/tex/latex/auxhook/auxhook.sty
Package: auxhook 2019-12-17 v1.6 Hooks for auxiliary files (HO)
) (/usr/share/texmf-dist/tex/latex/hyperref/nameref.sty
Package: nameref 2022-05-17 v2.50 Cross-referencing by name of section
 (/usr/share/texmf-dist/tex/latex/refcount/refcount.sty
Package: refcount 2019/12/15 v3.6 Data extraction from label references (HO)
) (/usr/share/texmf-dist/tex/generic/gettitlestring/gettitlestring.sty
Package: gettitlestring 2019/12/15 v1.6 Cleanup title references (HO)
 (/usr/share/texmf-dist/tex/latex/kvoptions/kvoptions.sty
Package: kvoptions 2022-06-15 v3.15 Key value format for package options (HO)
))
\c@section@level=\count285
)
\@linkdim=\dimen171
\Hy@linkcounter=\count286
\Hy@pagecounter=\count287
 (/usr/share/texmf-dist/tex/latex/hyperref/pd1enc.def
File: pd1enc.def 2023-02-07 v7.00v Hyperref: PDFDocEncoding definition (HO)
Now handling font encoding PD1 ...
... no UTF-8 mapping file for font encoding PD1
) (/usr/share/texmf-dist/tex/generic/intcalc/intcalc.sty
Package: intcalc 2019/12/15 v1.3 Expandable calculations with integers (HO)
) (/usr/share/texmf-dist/tex/generic/etexcmds/etexcmds.sty
Package: etexcmds 2019/12/15 v1.7 Avoid name clashes with e-TeX commands (HO)
)
\Hy@SavedSpaceFactor=\count288
 (/usr/share/texmf-dist/tex/latex/hyperref/puenc.def
File: puenc.def 2023-02-07 v7.00v Hyperref: PDF Unicode definition (HO)
Now handling font encoding PU ...
... no UTF-8 mapping file for font encoding PU
)
Package hyperref Info: Hyper figures OFF on input line 4177.
Package hyperref Info: Link nesting OFF on input line 4182.
Package hyperref Info: Hyper index ON on input line 4185.
Package hyperref Info: Plain pages OFF on input line 4192.
Package hyperref Info: Backreferencing ON on input line 4195.
Package hyperref Info: Implicit mode ON; LaTeX internals redefined.
Package hyperref Info: Bookmarks ON on input line 4425.
 (/usr/share/texmf-dist/tex/latex/hyperref/backref.sty
Package: backref 2021/02/04 v1.41 Bibliographical back referencing
 (/usr/share/texmf-dist/tex/latex/rerunfilecheck/rerunfilecheck.sty
Package: rerunfilecheck 2022-07-10 v1.10 Rerun checks for auxiliary files (HO)
 (/usr/share/texmf-dist/tex/latex/base/atveryend-ltx.sty
Package: atveryend-ltx 2020/08/19 v1.0a Emulation of the original atveryend package
with kernel methods
) (/usr/share/texmf-dist/tex/generic/uniquecounter/uniquecounter.sty
Package: uniquecounter 2019/12/15 v1.4 Provide unlimited unique counter (HO)
 (/usr/share/texmf-dist/tex/generic/bigintcalc/bigintcalc.sty
Package: bigintcalc 2019/12/15 v1.5 Expandable calculations on big integers (HO)
))
Package uniquecounter Info: New unique counter `rerunfilecheck' on input line 285.
))
\c@Hy@tempcnt=\count289
 (/usr/share/texmf-dist/tex/latex/url/url.sty
\Urlmuskip=\muskip17
Package: url 2013/09/16  ver 3.4  Verb mode for urls, etc.
)
LaTeX Info: Redefining \url on input line 4763.
\XeTeXLinkMargin=\dimen172
 (/usr/share/texmf-dist/tex/generic/bitset/bitset.sty
Package: bitset 2019/12/09 v1.3 Handle bit-vector datatype (HO)
)
\Fld@menulength=\count290
\Field@Width=\dimen173
\Fld@charsize=\dimen174
Package hyperref Info: Hyper figures OFF on input line 6042.
Package hyperref Info: Link nesting OFF on input line 6047.
Package hyperref Info: Hyper index ON on input line 6050.
Package hyperref Info: backreferencing ON on input line 6055.
Package hyperref Info: Link coloring OFF on input line 6062.
Package hyperref Info: Link coloring with OCG OFF on input line 6067.
Package hyperref Info: PDF/A mode OFF on input line 6072.
 (/usr/share/texmf-dist/tex/latex/base/atbegshi-ltx.sty
Package: atbegshi-ltx 2021/01/10 v1.0c Emulation of the original atbegshi
package with kernel methods
)
\Hy@abspage=\count291
\c@Item=\count292
\c@Hfootnote=\count293
)
Package hyperref Info: Driver (autodetected): hpdftex.
 (/usr/share/texmf-dist/tex/latex/hyperref/hpdftex.def
File: hpdftex.def 2023-02-07 v7.00v Hyperref driver for pdfTeX
\Fld@listcount=\count294
\c@bookmark@seq@number=\count295
\Hy@SectionHShift=\skip65
)
Package hyperref Info: Option `colorlinks' set `true' on input line 81.
LaTeX Info: Redefining \es@scroman on input line 95.
\imsizeL=\skip66
\imsize=\skip67
\imsizeS=\skip68
) (./ibextra.sty (/usr/share/texmf-dist/tex/latex/natbib/natbib.sty
Package: natbib 2010/09/13 8.31b (PWD, AO)
\bibhang=\skip69
\bibsep=\skip70
LaTeX Info: Redefining \cite on input line 694.
\c@NAT@ctr=\count296
) (/usr/share/texmf-dist/tex/latex/amsfonts/amssymb.sty
Package: amssymb 2013/01/14 v3.01 AMS font symbols
 (/usr/share/texmf-dist/tex/latex/amsfonts/amsfonts.sty
Package: amsfonts 2013/01/14 v3.01 Basic AMSFonts support
\symAMSa=\mathgroup7
\symAMSb=\mathgroup8
LaTeX Font Info:    Redeclaring math symbol \hbar on input line 98.
LaTeX Font Info:    Overwriting math alphabet `\mathfrak' in version `bold'
(Font)                  U/euf/m/n --> U/euf/b/n on input line 106.
)) (/usr/share/texmf-dist/tex/latex/makecell/makecell.sty
Package: makecell 2009/08/03 V0.1e Managing of Tab Column Heads and Cells
 (/usr/share/texmf-dist/tex/latex/tools/array.sty
Package: array 2022/09/04 v2.5g Tabular extension package (FMi)
\col@sep=\dimen175
\ar@mcellbox=\box53
\extrarowheight=\dimen176
\NC@list=\toks24
\extratabsurround=\skip71
\backup@length=\skip72
\ar@cellbox=\box54
)
\rotheadsize=\dimen177
\c@nlinenum=\count297
\TeXr@lab=\toks25
) (/usr/share/texmf-dist/tex/latex/breqn/breqn.sty (/usr/share/texmf-dist/tex/latex/l3kernel/expl3.sty
Package: expl3 2023-02-22 L3 programming layer (loader) 
 (/usr/share/texmf-dist/tex/latex/l3backend/l3backend-pdftex.def
File: l3backend-pdftex.def 2023-01-16 L3 backend support: PDF output (pdfTeX)
\l__color_backend_stack_int=\count298
\l__pdf_internal_box=\box55
))
Package: breqn 2021/10/28 v0.98l Breaking equations
 (/usr/share/texmf-dist/tex/latex/breqn/flexisym.sty
Package: flexisym 2021/10/28 v0.98l Make math characters macros
LaTeX Info: Redefining \textprime on input line 299.
LaTeX Info: Redefining \not on input line 357.
 (/usr/share/texmf-dist/tex/latex/breqn/cmbase.sym
File: cmbase.sym 2007/12/19 v0.92
LaTeX Info: Redefining \hbar on input line 324.
LaTeX Info: Redefining \surd on input line 326.
LaTeX Info: Redefining \angle on input line 334.
LaTeX Info: Redefining \neq on input line 335.
LaTeX Info: Redefining \mapsto on input line 336.
LaTeX Info: Redefining \cong on input line 337.
LaTeX Info: Redefining \notin on input line 340.
LaTeX Info: Redefining \rightleftharpoons on input line 341.
LaTeX Info: Redefining \doteq on input line 342.
LaTeX Info: Redefining \hookrightarrow on input line 343.
LaTeX Info: Redefining \hookleftarrow on input line 344.
LaTeX Info: Redefining \bowtie on input line 345.
LaTeX Info: Redefining \models on input line 346.
LaTeX Info: Redefining \Longrightarrow on input line 347.
LaTeX Info: Redefining \longrightarrow on input line 348.
LaTeX Info: Redefining \Longleftarrow on input line 349.
LaTeX Info: Redefining \longleftarrow on input line 350.
LaTeX Info: Redefining \longmapsto on input line 351.
LaTeX Info: Redefining \longleftrightarrow on input line 352.
LaTeX Info: Redefining \Longleftrightarrow on input line 353.
LaTeX Info: Redefining \cdots on input line 357.
LaTeX Info: Redefining \vdots on input line 360.
LaTeX Info: Redefining \ddots on input line 365.
) (/usr/share/texmf-dist/tex/latex/breqn/mathstyle.sty
Package: mathstyle 2021/10/28 v0.98l Tracking mathstyle implicitly
LaTeX Info: Redefining \displaystyle on input line 95.
LaTeX Info: Redefining \textstyle on input line 97.
LaTeX Info: Redefining \scriptstyle on input line 99.
LaTeX Info: Redefining \scriptscriptstyle on input line 101.
LaTeX Info: Redefining \genfrac on input line 149.
))
\inf@bad=\count299
\maxint=\count300
\listwidth=\dimen178
\eqnumsep=\dimen179
\eqmargin=\dimen180
\eqlinespacing=\skip73
\eqlineskip=\skip74
\eqlineskiplimit=\dimen181
\eqbinoffset=\muskip18
\eqdelimoffset=\muskip19
\eqindentstep=\dimen182
\eqstyle=\toks26
\eqbreakdepth=\count301
\eqinterlinepenalty=\count302
\intereqpenalty=\count303
\intereqskip=\skip75
\prerelpenalty=\count304
\prebinoppenalty=\count305
\Dmedmuskip=\muskip20
\Dthickmuskip=\muskip21
\eqleftskip=\skip76
\eqrightskip=\skip77
\eq@vspan=\skip78
\eq@binoffset=\muskip22
\EQ@box=\box56
\EQ@copy=\box57
\EQ@numbox=\box58
\eq@wdNum=\dimen183
\GRP@numbox=\box59
\grp@wdNum=\dimen184
\eq@lines=\count306
\eq@curline=\count307
\eq@badness=\count308
\EQ@vims=\count309
\eq@dp=\dimen185
\eq@wdL=\dimen186
\eq@wdT=\dimen187
\eq@wdMin=\dimen188
\grp@wdL=\dimen189
\grp@wdR=\dimen190
\grp@wdT=\dimen191
\eq@wdRmax=\dimen192
\eq@firstht=\dimen193
\eq@wdCond=\dimen194
\eq@indentstep=\dimen195
\eq@linewidth=\dimen196
\grp@linewidth=\dimen197
\eq@hshift=\dimen198
\eq@given@sidespace=\dimen199
\mathindent=\dimen256
\eq@final@linecount=\count310
\eq@wdR=\dimen257
\EQ@continue=\toks27
\lr@level=\count311
\GRP@queue=\toks28
\GRP@box=\box60
\GRP@wholebox=\box61
\darraycolsep=\skip79
\cur@row=\count312
\cur@col=\count313
\conditionsep=\skip80
) (/usr/share/texmf-dist/tex/latex/tools/multicol.sty
Package: multicol 2021/11/30 v1.9d multicolumn formatting (FMi)
\c@tracingmulticols=\count314
\mult@box=\box62
\multicol@leftmargin=\dimen258
\c@unbalance=\count315
\c@collectmore=\count316
\doublecol@number=\count317
\multicoltolerance=\count318
\multicolpretolerance=\count319
\full@width=\dimen259
\page@free=\dimen260
\premulticols=\dimen261
\postmulticols=\dimen262
\multicolsep=\skip81
\multicolbaselineskip=\skip82
\partial@page=\box63
\last@line=\box64
\maxbalancingoverflow=\dimen263
\mult@rightbox=\box65
\mult@grightbox=\box66
\mult@firstbox=\box67
\mult@gfirstbox=\box68
\@tempa=\box69
\@tempa=\box70
\@tempa=\box71
\@tempa=\box72
\@tempa=\box73
\@tempa=\box74
\@tempa=\box75
\@tempa=\box76
\@tempa=\box77
\@tempa=\box78
\@tempa=\box79
\@tempa=\box80
\@tempa=\box81
\@tempa=\box82
\@tempa=\box83
\@tempa=\box84
\@tempa=\box85
\@tempa=\box86
\@tempa=\box87
\@tempa=\box88
\@tempa=\box89
\@tempa=\box90
\@tempa=\box91
\@tempa=\box92
\@tempa=\box93
\@tempa=\box94
\@tempa=\box95
\@tempa=\box96
\@tempa=\box97
\@tempa=\box98
\@tempa=\box99
\@tempa=\box100
\@tempa=\box101
\@tempa=\box102
\@tempa=\box103
\@tempa=\box104
\c@minrows=\count320
\c@columnbadness=\count321
\c@finalcolumnbadness=\count322
\last@try=\dimen264
\multicolovershoot=\dimen265
\multicolundershoot=\dimen266
\mult@nat@firstbox=\box105
\colbreak@box=\box106
\mc@col@check@num=\count323
) (/usr/share/texmf-dist/tex/latex/was/upgreek.sty
Package: upgreek 2003/02/12 v2.0 (WaS)
Package upgreek Info: Using Euler Roman for upright Greek on input line 31.
\symugrf@m=\mathgroup9
LaTeX Font Info:    Overwriting symbol font `ugrf@m' in version `bold'
(Font)                  U/eur/m/n --> U/eur/b/n on input line 38.
) (/usr/share/texmf-dist/tex/latex/enumitem/enumitem.sty
Package: enumitem 2019/06/20 v3.9 Customized lists
\labelindent=\skip83
\enit@outerparindent=\dimen267
\enit@toks=\toks29
\enit@inbox=\box107
\enit@count@id=\count324
\enitdp@description=\count325
) (/usr/share/texmf-dist/tex/latex/caption/subcaption.sty
Package: subcaption 2023/02/19 v1.6 Sub-captions (AR)
Package caption Info: New subtype `subfigure' on input line 239.
\c@subfigure=\count326
Package caption Info: New subtype `subtable' on input line 239.
\c@subtable=\count327
) (/usr/share/texmf-dist/tex/latex/xcolor/xcolor.sty
Package: xcolor 2022/06/12 v2.14 LaTeX color extensions (UK)
 (/usr/share/texmf-dist/tex/latex/graphics-cfg/color.cfg
File: color.cfg 2016/01/02 v1.6 sample color configuration
)
Package xcolor Info: Driver file: pdftex.def on input line 227.
LaTeX Info: Redefining \color on input line 711.
 (/usr/share/texmf-dist/tex/latex/graphics/mathcolor.ltx)
Package xcolor Info: Model `cmy' substituted by `cmy0' on input line 1353.
Package xcolor Info: Model `hsb' substituted by `rgb' on input line 1357.
Package xcolor Info: Model `RGB' extended on input line 1369.
Package xcolor Info: Model `HTML' substituted by `rgb' on input line 1371.
Package xcolor Info: Model `Hsb' substituted by `hsb' on input line 1372.
Package xcolor Info: Model `tHsb' substituted by `hsb' on input line 1373.
Package xcolor Info: Model `HSB' substituted by `hsb' on input line 1374.
Package xcolor Info: Model `Gray' substituted by `gray' on input line 1375.
Package xcolor Info: Model `wave' substituted by `hsb' on input line 1376.
 (/usr/share/texmf-dist/tex/latex/graphics/dvipsnam.def
File: dvipsnam.def 2016/06/17 v3.0m Driver-dependent file (DPC,SPQR)
)))

LaTeX Warning: Unused global option(s):
    [12pt,twoside].

(./template.aux
LaTeX Info: Redefining \. on input line 23.
LaTeX Info: Redefining \% on input line 23.
 (./resumen.aux
LaTeX Info: Redefining \. on input line 6.
LaTeX Info: Redefining \% on input line 6.
) (./cap1.aux
LaTeX Info: Redefining \. on input line 9.
LaTeX Info: Redefining \% on input line 9.
) (./cap2.aux) (./cap3.aux) (./cap4.aux) (./cap5.aux) (./cap6.aux))
\openout1 = `template.aux'.

LaTeX Font Info:    Checking defaults for OML/cmm/m/it on input line 37.
LaTeX Font Info:    ... okay on input line 37.
LaTeX Font Info:    Checking defaults for OMS/cmsy/m/n on input line 37.
LaTeX Font Info:    ... okay on input line 37.
LaTeX Font Info:    Checking defaults for OT1/cmr/m/n on input line 37.
LaTeX Font Info:    ... okay on input line 37.
LaTeX Font Info:    Checking defaults for T1/cmr/m/n on input line 37.
LaTeX Font Info:    ... okay on input line 37.
LaTeX Font Info:    Checking defaults for TS1/cmr/m/n on input line 37.
LaTeX Font Info:    ... okay on input line 37.
LaTeX Font Info:    Checking defaults for OMX/cmex/m/n on input line 37.
LaTeX Font Info:    ... okay on input line 37.
LaTeX Font Info:    Checking defaults for U/cmr/m/n on input line 37.
LaTeX Font Info:    ... okay on input line 37.
LaTeX Font Info:    Checking defaults for PD1/pdf/m/n on input line 37.
LaTeX Font Info:    ... okay on input line 37.
LaTeX Font Info:    Checking defaults for PU/pdf/m/n on input line 37.
LaTeX Font Info:    ... okay on input line 37.
LaTeX Info: Redefining \. on input line 37.
LaTeX Info: Redefining \% on input line 37.
Package caption Info: Begin \AtBeginDocument code.
Package caption Info: changepage package is loaded.
\caption@adjustwidth@hsize=\dimen268
\caption@adjustwidth@linewidth=\dimen269
Package caption Info: hyperref package is loaded.
Package caption Info: End \AtBeginDocument code.
 (/usr/share/texmf-dist/tex/context/base/mkii/supp-pdf.mkii
[Loading MPS to PDF converter (version 2006.09.02).]
\scratchcounter=\count328
\scratchdimen=\dimen270
\scratchbox=\box108
\nofMPsegments=\count329
\nofMParguments=\count330
\everyMPshowfont=\toks30
\MPscratchCnt=\count331
\MPscratchDim=\dimen271
\MPnumerator=\count332
\makeMPintoPDFobject=\count333
\everyMPtoPDFconversion=\toks31
) (/usr/share/texmf-dist/tex/latex/epstopdf-pkg/epstopdf-base.sty
Package: epstopdf-base 2020-01-24 v2.11 Base part for package epstopdf
Package epstopdf-base Info: Redefining graphics rule for `.eps' on input line 485.
 (/usr/share/texmf-dist/tex/latex/latexconfig/epstopdf-sys.cfg
File: epstopdf-sys.cfg 2010/07/13 v1.3 Configuration of (r)epstopdf for TeX Live
))
*geometry* driver: auto-detecting
*geometry* detected driver: pdftex
*geometry* verbose mode - [ preamble ] result:
* driver: pdftex
* paper: a4paper
* layout: <same size as paper>
* layoutoffset:(h,v)=(0.0pt,0.0pt)
* hratio: 1:1
* modes: includefoot twoside 
* h-part:(L,W,R)=(78.24507pt, 441.01772pt, 78.24509pt)
* v-part:(T,H,B)=(85.35826pt, 728.39055pt, 31.29803pt)
* \paperwidth=597.50787pt
* \paperheight=845.04684pt
* \textwidth=441.01772pt
* \textheight=698.39055pt
* \oddsidemargin=5.97508pt
* \evensidemargin=5.9751pt
* \topmargin=-18.78552pt
* \headheight=15.6pt
* \headsep=19.8738pt
* \topskip=12.0pt
* \footskip=30.0pt
* \marginparwidth=98.0pt
* \marginparsep=7.0pt
* \columnsep=10.0pt
* \skip\footins=10.8pt plus 4.0pt minus 2.0pt
* \hoffset=0.0pt
* \voffset=0.0pt
* \mag=1000
* \@twocolumnfalse
* \@twosidetrue
* \@mparswitchtrue
* \@reversemarginfalse
* (1in=72.27pt=25.4mm, 1cm=28.453pt)

Package backref Info: ** backref set up for natbib ** on input line 37.
Package hyperref Info: Link coloring ON on input line 37.
(./template.out) (./template.out)
\@outlinefile=\write3
\openout3 = `template.out'.

LaTeX Font Info:    Trying to load font information for U+msa on input line 42.
 (/usr/share/texmf-dist/tex/latex/amsfonts/umsa.fd
File: umsa.fd 2013/01/14 v3.01 AMS symbols A
)
LaTeX Font Info:    Trying to load font information for U+msb on input line 42.
 (/usr/share/texmf-dist/tex/latex/amsfonts/umsb.fd
File: umsb.fd 2013/01/14 v3.01 AMS symbols B
) [1



{/var/lib/texmf/fonts/map/pdftex/updmap/pdftex.map}] [2

] [3] [4

] [5


]
LaTeX Info: Redefining \. on input line 80.
LaTeX Info: Redefining \% on input line 80.
 [6] (./template.toc
LaTeX Info: Redefining \. on input line 1.
LaTeX Info: Redefining \% on input line 1.
LaTeX Info: Redefining \. on input line 9.
LaTeX Info: Redefining \% on input line 9.
LaTeX Info: Redefining \. on input line 11.
LaTeX Info: Redefining \% on input line 11.
 [7



]
LaTeX Info: Redefining \. on input line 73.
LaTeX Info: Redefining \% on input line 73.
 [8])
\tf@toc=\write4
\openout4 = `template.toc'.

LaTeX Info: Redefining \. on input line 84.
LaTeX Info: Redefining \% on input line 84.


Package fancyhdr Warning: \headheight is too small (15.6pt): 
(fancyhdr)                Make it at least 15.68335pt, for example:
(fancyhdr)                \setlength{\headheight}{15.68335pt}.
(fancyhdr)                You might also make \topmargin smaller to compensate:
(fancyhdr)                \addtolength{\topmargin}{-0.08334pt}.

[9] [10

] (./template.lof
LaTeX Info: Redefining \. on input line 1.
LaTeX Info: Redefining \% on input line 1.
LaTeX Info: Redefining \. on input line 3.
LaTeX Info: Redefining \% on input line 3.
LaTeX Info: Redefining \. on input line 5.
LaTeX Info: Redefining \% on input line 5.
 [11

])
\tf@lof=\write5
\openout5 = `template.lof'.

LaTeX Info: Redefining \. on input line 86.
LaTeX Info: Redefining \% on input line 86.
 [12] (./template.lot
LaTeX Info: Redefining \. on input line 1.
LaTeX Info: Redefining \% on input line 1.
LaTeX Info: Redefining \. on input line 3.
LaTeX Info: Redefining \% on input line 3.
LaTeX Info: Redefining \. on input line 5.
LaTeX Info: Redefining \% on input line 5.
)
\tf@lot=\write6
\openout6 = `template.lot'.

 [13


]
\openout2 = `resumen.aux'.

 (./resumen.tex [14


] [15

] [16

]
LaTeX Info: Redefining \. on input line 16.
LaTeX Info: Redefining \% on input line 16.
 [17


] [18

]
LaTeX Info: Redefining \. on input line 16.
LaTeX Info: Redefining \% on input line 16.
)
\openout2 = `cap1.aux'.

 (./cap1.tex
Cap\'{\i }tulo 1.
[1






]
LaTeX Info: Redefining \. on input line 61.
LaTeX Info: Redefining \% on input line 61.
 [2])
LaTeX Info: Redefining \. on input line 94.
LaTeX Info: Redefining \% on input line 94.
 [3]
\openout2 = `cap2.aux'.

 (./cap2.tex [4




]
Cap\'{\i }tulo 2.

Underfull \vbox (badness 3049) has occurred while \output is active []

 [5]
<figs//asignacion_subportadoras.pdf, id=589, 418.56375pt x 34.1275pt>
File: figs//asignacion_subportadoras.pdf Graphic file (type pdf)
<use figs//asignacion_subportadoras.pdf>
Package pdftex.def Info: figs//asignacion_subportadoras.pdf  used on input line 29.
(pdftex.def)             Requested size: 396.91324pt x 32.36208pt.

Overfull \hbox (3.07037pt too wide) in paragraph at lines 38--50
 [][] 
 []

LaTeX Info: Redefining \. on input line 77.
LaTeX Info: Redefining \% on input line 77.
[6 <./figs//asignacion_subportadoras.pdf>]
<figs//IFFT.pdf, id=613, 188.31906pt x 140.02315pt>
File: figs//IFFT.pdf Graphic file (type pdf)
<use figs//IFFT.pdf>
Package pdftex.def Info: figs//IFFT.pdf  used on input line 83.
(pdftex.def)             Requested size: 198.45662pt x 147.56491pt.
<figs//IFFT128.pdf, id=614, 188.705pt x 140.525pt>
File: figs//IFFT128.pdf Graphic file (type pdf)
<use figs//IFFT128.pdf>
Package pdftex.def Info: figs//IFFT128.pdf  used on input line 85.
(pdftex.def)             Requested size: 198.45662pt x 147.78716pt.
Package hyperref Info: bookmark level for unknown subfigure defaults to 0 on input line 86.
<figs//prefix.pdf, id=617, 380.55238pt x 67.05429pt>
File: figs//prefix.pdf Graphic file (type pdf)
<use figs//prefix.pdf>
Package pdftex.def Info: figs//prefix.pdf  used on input line 97.
(pdftex.def)             Requested size: 396.91324pt x 69.94044pt.
LaTeX Info: Redefining \. on input line 99.
LaTeX Info: Redefining \% on input line 99.
 [7{/usr/share/texmf-dist/fonts/enc/dvips/cm-super/cm-super-ts1.enc} <./figs//IFFT.pdf> <./figs//IFFT128.pdf

pdfTeX warning: pdflatex (file ./figs//IFFT128.pdf): PDF inclusion: multiple pdfs with page group included in a single page
>]
<figs//PPDU.pdf, id=828, 376.88806pt x 65.77971pt>
File: figs//PPDU.pdf Graphic file (type pdf)
<use figs//PPDU.pdf>
Package pdftex.def Info: figs//PPDU.pdf  used on input line 109.
(pdftex.def)             Requested size: 396.91324pt x 69.27646pt.
LaTeX Info: Redefining \. on input line 122.
LaTeX Info: Redefining \% on input line 122.
 [8 <./figs//prefix.pdf> <./figs//PPDU.pdf

pdfTeX warning: pdflatex (file ./figs//PPDU.pdf): PDF inclusion: multiple pdfs with page group included in a single page
>]
<figs//training_symbol.pdf, id=996, 380.92313pt x 65.5487pt>
File: figs//training_symbol.pdf Graphic file (type pdf)
<use figs//training_symbol.pdf>
Package pdftex.def Info: figs//training_symbol.pdf  used on input line 146.
(pdftex.def)             Requested size: 396.91324pt x 68.30305pt.
<figs//short_sc.pdf, id=999, 578.16pt x 216.81pt>
File: figs//short_sc.pdf Graphic file (type pdf)
<use figs//short_sc.pdf>
Package pdftex.def Info: figs//short_sc.pdf  used on input line 165.
(pdftex.def)             Requested size: 308.71104pt x 115.76558pt.
LaTeX Info: Redefining \. on input line 167.
LaTeX Info: Redefining \% on input line 167.
 [9 <./figs//training_symbol.pdf>]
<figs//short_time.pdf, id=1022, 578.16pt x 216.81pt>
File: figs//short_time.pdf Graphic file (type pdf)
<use figs//short_time.pdf>
Package pdftex.def Info: figs//short_time.pdf  used on input line 169.
(pdftex.def)             Requested size: 308.71104pt x 115.76558pt.
LaTeX Font Info:    Trying to load font information for TS1+cmss on input line 170.
 (/usr/share/texmf-dist/tex/latex/base/ts1cmss.fd
File: ts1cmss.fd 2022/07/10 v2.5l Standard LaTeX font definitions
)
<figs//long_sc.pdf, id=1026, 578.16pt x 216.81pt>
File: figs//long_sc.pdf Graphic file (type pdf)
<use figs//long_sc.pdf>
Package pdftex.def Info: figs//long_sc.pdf  used on input line 191.
(pdftex.def)             Requested size: 308.71104pt x 115.76558pt.
<figs//long_time.pdf, id=1027, 578.16pt x 216.81pt>
File: figs//long_time.pdf Graphic file (type pdf)
<use figs//long_time.pdf>
Package pdftex.def Info: figs//long_time.pdf  used on input line 195.
(pdftex.def)             Requested size: 308.71104pt x 115.76558pt.
LaTeX Info: Redefining \. on input line 202.
LaTeX Info: Redefining \% on input line 202.
 [10 <./figs//short_sc.pdf> <./figs//short_time.pdf>])
LaTeX Info: Redefining \. on input line 95.
LaTeX Info: Redefining \% on input line 95.
 [11 <./figs//long_sc.pdf> <./figs//long_time.pdf>]
\openout2 = `cap3.aux'.

 (./cap3.tex [12




]
Cap\'{\i }tulo 3.

Underfull \vbox (badness 10000) has occurred while \output is active []

 [13]
<figs//ventana-fft.pdf, id=1219, 339.44498pt x 82.05656pt>
File: figs//ventana-fft.pdf Graphic file (type pdf)
<use figs//ventana-fft.pdf>
Package pdftex.def Info: figs//ventana-fft.pdf  used on input line 23.
(pdftex.def)             Requested size: 396.91324pt x 95.94943pt.
LaTeX Info: Redefining \. on input line 40.
LaTeX Info: Redefining \% on input line 40.
 [14 <./figs//ventana-fft.pdf>]
<figs//demod-err.pdf, id=1246, 386.28265pt x 187.29976pt>
File: figs//demod-err.pdf Graphic file (type pdf)
<use figs//demod-err.pdf>
Package pdftex.def Info: figs//demod-err.pdf  used on input line 49.
(pdftex.def)             Requested size: 308.71104pt x 149.68567pt.

Underfull \vbox (badness 10000) has occurred while \output is active []

LaTeX Info: Redefining \. on input line 63.
LaTeX Info: Redefining \% on input line 63.
 [15 <./figs//demod-err.pdf>]
LaTeX Info: Redefining \. on input line 86.
LaTeX Info: Redefining \% on input line 86.
 [16]
<figs//banco-xcorr1.pdf, id=1284, 578.16pt x 289.08pt>
File: figs//banco-xcorr1.pdf Graphic file (type pdf)
<use figs//banco-xcorr1.pdf>
Package pdftex.def Info: figs//banco-xcorr1.pdf  used on input line 89.
(pdftex.def)             Requested size: 396.91324pt x 198.45529pt.
<figs//degradacion-err-freq.pdf, id=1286, 433.62pt x 216.81pt>
File: figs//degradacion-err-freq.pdf Graphic file (type pdf)
<use figs//degradacion-err-freq.pdf>
Package pdftex.def Info: figs//degradacion-err-freq.pdf  used on input line 101.
(pdftex.def)             Requested size: 308.71104pt x 154.36293pt.
LaTeX Info: Redefining \. on input line 113.
LaTeX Info: Redefining \% on input line 113.
 [17 <./figs//banco-xcorr1.pdf>]
<figs//references.pdf, id=1345, 578.16pt x 144.54pt>
File: figs//references.pdf Graphic file (type pdf)
<use figs//references.pdf>
Package pdftex.def Info: figs//references.pdf  used on input line 117.
(pdftex.def)             Requested size: 396.91324pt x 99.22763pt.

Underfull \vbox (badness 1527) has occurred while \output is active []

LaTeX Info: Redefining \. on input line 128.
LaTeX Info: Redefining \% on input line 128.
 [18 <./figs//degradacion-err-freq.pdf> <./figs//references.pdf>]
<figs//banco-xcorrN.pdf, id=1409, 578.16pt x 289.08pt>
File: figs//banco-xcorrN.pdf Graphic file (type pdf)
<use figs//banco-xcorrN.pdf>
Package pdftex.def Info: figs//banco-xcorrN.pdf  used on input line 133.
(pdftex.def)             Requested size: 396.91324pt x 198.45529pt.
LaTeX Font Info:    Font shape `OT1/cmss/m/it' in size <10> not available
(Font)              Font shape `OT1/cmss/m/sl' tried instead on input line 134.
LaTeX Info: Redefining \. on input line 152.
LaTeX Info: Redefining \% on input line 152.
 [19 <./figs//banco-xcorrN.pdf>]
<figs//delay-and-correlate-result.pdf, id=1492, 578.16pt x 289.08pt>
File: figs//delay-and-correlate-result.pdf Graphic file (type pdf)
<use figs//delay-and-correlate-result.pdf>
Package pdftex.def Info: figs//delay-and-correlate-result.pdf  used on input line 163.
(pdftex.def)             Requested size: 396.91324pt x 198.45529pt.

Underfull \vbox (badness 2980) has occurred while \output is active []

LaTeX Info: Redefining \. on input line 181.
LaTeX Info: Redefining \% on input line 181.
 [20 <./figs//delay-and-correlate-result.pdf>]
<figs//xpstopdf/refs-lv.pdf, id=1550, 472.76625pt x 371.3875pt>
File: figs//xpstopdf/refs-lv.pdf Graphic file (type pdf)
<use figs//xpstopdf/refs-lv.pdf>
Package pdftex.def Info: figs//xpstopdf/refs-lv.pdf  used on input line 186.
(pdftex.def)             Requested size: 396.91324pt x 311.80469pt.
<figs//xpstopdf/banco-phi-lv.pdf, id=1551, 360.34625pt x 154.5775pt>
File: figs//xpstopdf/banco-phi-lv.pdf Graphic file (type pdf)
<use figs//xpstopdf/banco-phi-lv.pdf>
Package pdftex.def Info: figs//xpstopdf/banco-phi-lv.pdf  used on input line 191.
(pdftex.def)             Requested size: 308.71104pt x 132.42693pt.
LaTeX Info: Redefining \. on input line 205.
LaTeX Info: Redefining \% on input line 205.
 [21 <./figs//xpstopdf/refs-lv.pdf>]
<figs//xpstopdf/delayx-phi-lv.pdf, id=2713, 338.26375pt x 99.37125pt>
File: figs//xpstopdf/delayx-phi-lv.pdf Graphic file (type pdf)
<use figs//xpstopdf/delayx-phi-lv.pdf>
Package pdftex.def Info: figs//xpstopdf/delayx-phi-lv.pdf  used on input line 225.
(pdftex.def)             Requested size: 308.71104pt x 90.6918pt.
LaTeX Info: Redefining \. on input line 232.
LaTeX Info: Redefining \% on input line 232.
 [22 <./figs//xpstopdf/banco-phi-lv.pdf> <./figs//xpstopdf/delayx-phi-lv.pdf

pdfTeX warning: pdflatex (file ./figs//xpstopdf/delayx-phi-lv.pdf): PDF inclusion: multiple pdfs with page group included in a single page
>])
LaTeX Info: Redefining \. on input line 96.
LaTeX Info: Redefining \% on input line 96.
 [23]
\openout2 = `cap4.aux'.

 (./cap4.tex [24




]
Cap\'{\i }tulo 4.
[25]
LaTeX Info: Redefining \. on input line 62.
LaTeX Info: Redefining \% on input line 62.
 [26]
LaTeX Info: Redefining \. on input line 97.
LaTeX Info: Redefining \% on input line 97.
 [27]
Underfull \vbox (badness 2564) has occurred while \output is active []

LaTeX Info: Redefining \. on input line 136.
LaTeX Info: Redefining \% on input line 136.
 [28]
LaTeX Info: Redefining \. on input line 164.
LaTeX Info: Redefining \% on input line 164.
 [29]
LaTeX Info: Redefining \. on input line 204.
LaTeX Info: Redefining \% on input line 204.
 [30]
<figs//pfa_test.pdf, id=3419, 361.35pt x 216.81pt>
File: figs//pfa_test.pdf Graphic file (type pdf)
<use figs//pfa_test.pdf>
Package pdftex.def Info: figs//pfa_test.pdf  used on input line 211.
(pdftex.def)             Requested size: 308.71104pt x 185.2289pt.
LaTeX Info: Redefining \. on input line 228.
LaTeX Info: Redefining \% on input line 228.
 [31 <./figs//pfa_test.pdf>]
<figs//pd_vs_pfa.pdf, id=3477, 361.35pt x 216.81pt>
File: figs//pd_vs_pfa.pdf Graphic file (type pdf)
<use figs//pd_vs_pfa.pdf>
Package pdftex.def Info: figs//pd_vs_pfa.pdf  used on input line 240.
(pdftex.def)             Requested size: 308.71104pt x 185.2289pt.
<figs//pd_vs_snr.pdf, id=3478, 361.35pt x 216.81pt>
File: figs//pd_vs_snr.pdf Graphic file (type pdf)
<use figs//pd_vs_snr.pdf>
Package pdftex.def Info: figs//pd_vs_snr.pdf  used on input line 244.
(pdftex.def)             Requested size: 308.71104pt x 185.2289pt.
LaTeX Info: Redefining \. on input line 250.
LaTeX Info: Redefining \% on input line 250.
 [32 <./figs//pd_vs_pfa.pdf>]
LaTeX Info: Redefining \. on input line 264.
LaTeX Info: Redefining \% on input line 264.
 [33 <./figs//pd_vs_snr.pdf>]
<figs//hipotesis.pdf, id=3612, 578.16pt x 289.08pt>
File: figs//hipotesis.pdf Graphic file (type pdf)
<use figs//hipotesis.pdf>
Package pdftex.def Info: figs//hipotesis.pdf  used on input line 268.
(pdftex.def)             Requested size: 396.91324pt x 198.45529pt.
LaTeX Info: Redefining \. on input line 279.
LaTeX Info: Redefining \% on input line 279.
 [34 <./figs//hipotesis.pdf>]
Underfull \vbox (badness 3746) has occurred while \output is active []

LaTeX Info: Redefining \. on input line 342.
LaTeX Info: Redefining \% on input line 342.
 [35]
<figs//estimator_mse.pdf, id=3699, 361.35pt x 216.81pt>
File: figs//estimator_mse.pdf Graphic file (type pdf)
<use figs//estimator_mse.pdf>
Package pdftex.def Info: figs//estimator_mse.pdf  used on input line 373.
(pdftex.def)             Requested size: 308.71104pt x 185.2289pt.
LaTeX Info: Redefining \. on input line 378.
LaTeX Info: Redefining \% on input line 378.
 [36 <./figs//estimator_mse.pdf>]
<figs//estimator_mse_snr.pdf, id=3756, 361.35pt x 216.81pt>
File: figs//estimator_mse_snr.pdf Graphic file (type pdf)
<use figs//estimator_mse_snr.pdf>
Package pdftex.def Info: figs//estimator_mse_snr.pdf  used on input line 391.
(pdftex.def)             Requested size: 308.71104pt x 185.2289pt.
LaTeX Info: Redefining \. on input line 397.
LaTeX Info: Redefining \% on input line 397.
 [37 <./figs//estimator_mse_snr.pdf>]
<figs//xpstopdf/noise-est-lv.pdf, id=3815, 248.93pt x 179.67125pt>
File: figs//xpstopdf/noise-est-lv.pdf Graphic file (type pdf)
<use figs//xpstopdf/noise-est-lv.pdf>
Package pdftex.def Info: figs//xpstopdf/noise-est-lv.pdf  used on input line 409.
(pdftex.def)             Requested size: 198.45662pt x 143.2437pt.
<figs//xpstopdf/threshold-lv.pdf, id=3816, 248.93pt x 179.67125pt>
File: figs//xpstopdf/threshold-lv.pdf Graphic file (type pdf)
<use figs//xpstopdf/threshold-lv.pdf>
Package pdftex.def Info: figs//xpstopdf/threshold-lv.pdf  used on input line 411.
(pdftex.def)             Requested size: 198.45662pt x 143.2437pt.
LaTeX Info: Redefining \. on input line 418.
LaTeX Info: Redefining \% on input line 418.
 [38 <./figs//xpstopdf/noise-est-lv.pdf> <./figs//xpstopdf/threshold-lv.pdf

pdfTeX warning: pdflatex (file ./figs//xpstopdf/threshold-lv.pdf): PDF inclusion: multiple pdfs with page group included in a single page
>])
LaTeX Info: Redefining \. on input line 97.
LaTeX Info: Redefining \% on input line 97.
 [39]
\openout2 = `cap5.aux'.

 (./cap5.tex [40




]
Cap\'{\i }tulo 5.
<figs//xpstopdf/toplevel-diagram-lv.pdf, id=7321, 474.77374pt x 359.3425pt>
File: figs//xpstopdf/toplevel-diagram-lv.pdf Graphic file (type pdf)
<use figs//xpstopdf/toplevel-diagram-lv.pdf>
Package pdftex.def Info: figs//xpstopdf/toplevel-diagram-lv.pdf  used on input line 13.
(pdftex.def)             Requested size: 396.91324pt x 300.4255pt.
[41]
LaTeX Info: Redefining \. on input line 24.
LaTeX Info: Redefining \% on input line 24.
 [42 <./figs//xpstopdf/toplevel-diagram-lv.pdf>]
LaTeX Info: Redefining \. on input line 45.
LaTeX Info: Redefining \% on input line 45.
 [43]
<figs//xpstopdf/window-lv.pdf, id=10992, 445.665pt x 252.945pt>
File: figs//xpstopdf/window-lv.pdf Graphic file (type pdf)
<use figs//xpstopdf/window-lv.pdf>
Package pdftex.def Info: figs//xpstopdf/window-lv.pdf  used on input line 50.
(pdftex.def)             Requested size: 396.91324pt x 225.27858pt.
LaTeX Info: Redefining \. on input line 67.
LaTeX Info: Redefining \% on input line 67.
 [44 <./figs//xpstopdf/window-lv.pdf>]
<figs//xpstopdf/detection-lv.pdf, id=11811, 519.9425pt x 243.91125pt>
File: figs//xpstopdf/detection-lv.pdf Graphic file (type pdf)
<use figs//xpstopdf/detection-lv.pdf>
Package pdftex.def Info: figs//xpstopdf/detection-lv.pdf  used on input line 79.
(pdftex.def)             Requested size: 396.91324pt x 186.19698pt.
LaTeX Info: Redefining \. on input line 87.
LaTeX Info: Redefining \% on input line 87.
 [45]
<figs//xpstopdf/banco-sync-lv.pdf, id=11817, 302.12875pt x 124.465pt>
File: figs//xpstopdf/banco-sync-lv.pdf Graphic file (type pdf)
<use figs//xpstopdf/banco-sync-lv.pdf>
Package pdftex.def Info: figs//xpstopdf/banco-sync-lv.pdf  used on input line 98.
(pdftex.def)             Requested size: 220.50885pt x 90.8416pt.
<figs//xpstopdf/delay-sync-lv.pdf, id=11818, 318.18875pt x 178.6675pt>
File: figs//xpstopdf/delay-sync-lv.pdf Graphic file (type pdf)
<use figs//xpstopdf/delay-sync-lv.pdf>
Package pdftex.def Info: figs//xpstopdf/delay-sync-lv.pdf  used on input line 103.
(pdftex.def)             Requested size: 220.50885pt x 123.81776pt.
LaTeX Info: Redefining \. on input line 108.
LaTeX Info: Redefining \% on input line 108.
 [46 <./figs//xpstopdf/detection-lv.pdf>]
LaTeX Info: Redefining \. on input line 120.
LaTeX Info: Redefining \% on input line 120.
 [47 <./figs//xpstopdf/banco-sync-lv.pdf> <./figs//xpstopdf/delay-sync-lv.pdf

pdfTeX warning: pdflatex (file ./figs//xpstopdf/delay-sync-lv.pdf): PDF inclusion: multiple pdfs with page group included in a single page
>]
<figs//xpstopdf/toplevel-panel-lv.pdf, id=13983, 609.27625pt x 366.36874pt>
File: figs//xpstopdf/toplevel-panel-lv.pdf Graphic file (type pdf)
<use figs//xpstopdf/toplevel-panel-lv.pdf>
Package pdftex.def Info: figs//xpstopdf/toplevel-panel-lv.pdf  used on input line 128.
(pdftex.def)             Requested size: 396.91324pt x 238.67912pt.
LaTeX Info: Redefining \. on input line 138.
LaTeX Info: Redefining \% on input line 138.
 [48 <./figs//xpstopdf/toplevel-panel-lv.pdf>]
<figs//xpstopdf/sample-rate-1.pdf, id=55285, 608.2725pt x 436.63126pt>
File: figs//xpstopdf/sample-rate-1.pdf Graphic file (type pdf)
<use figs//xpstopdf/sample-rate-1.pdf>
Package pdftex.def Info: figs//xpstopdf/sample-rate-1.pdf  used on input line 149.
(pdftex.def)             Requested size: 308.71104pt x 221.60634pt.
<figs//xpstopdf/sample-rate-2.pdf, id=55286, 608.2725pt x 436.63126pt>
File: figs//xpstopdf/sample-rate-2.pdf Graphic file (type pdf)
<use figs//xpstopdf/sample-rate-2.pdf>
Package pdftex.def Info: figs//xpstopdf/sample-rate-2.pdf  used on input line 151.
(pdftex.def)             Requested size: 308.71104pt x 221.60634pt.
LaTeX Info: Redefining \. on input line 158.
LaTeX Info: Redefining \% on input line 158.
LaTeX Font Info:    Font shape `OT1/cmss/m/it' in size <12> not available
(Font)              Font shape `OT1/cmss/m/sl' tried instead on input line 158.
 [49]
LaTeX Info: Redefining \. on input line 192.
LaTeX Info: Redefining \% on input line 192.
 [50]
LaTeX Info: Redefining \. on input line 211.
LaTeX Info: Redefining \% on input line 211.
 [51])
LaTeX Info: Redefining \. on input line 98.
LaTeX Info: Redefining \% on input line 98.
 [52]
LaTeX Info: Redefining \. on input line 98.
LaTeX Info: Redefining \% on input line 98.
 [53 <./figs//xpstopdf/sample-rate-1.pdf> <./figs//xpstopdf/sample-rate-2.pdf

pdfTeX warning: pdflatex (file ./figs//xpstopdf/sample-rate-2.pdf): PDF inclusion: multiple pdfs with page group included in a single page
>]
\openout2 = `cap6.aux'.

 (./cap6.tex [54




]
Cap\'{\i }tulo 6.

Underfull \vbox (badness 1917) has occurred while \output is active []

 [55])
LaTeX Info: Redefining \. on input line 99.
LaTeX Info: Redefining \% on input line 99.
 [56] (./template.bbl (./template.brf)
\tf@brf=\write7
\openout7 = `template.brf'.

 [57




])
LaTeX Info: Redefining \. on input line 107.
LaTeX Info: Redefining \% on input line 107.
 [58] [59




] [60

] (./template.aux
LaTeX Info: Redefining \. on input line 23.
LaTeX Info: Redefining \% on input line 23.
 (./resumen.aux
LaTeX Info: Redefining \. on input line 6.
LaTeX Info: Redefining \% on input line 6.
) (./cap1.aux
LaTeX Info: Redefining \. on input line 9.
LaTeX Info: Redefining \% on input line 9.
) (./cap2.aux) (./cap3.aux) (./cap4.aux) (./cap5.aux) (./cap6.aux))
Package rerunfilecheck Info: File `template.out' has not changed.
(rerunfilecheck)             Checksum: 298534E61BDD53343489FD084806BBFB;13789.
Package rerunfilecheck Info: File `template.brf' has not changed.
(rerunfilecheck)             Checksum: D4A3B3132770FA94845BE37B171521B1;652.
 ) 
Here is how much of TeX's memory you used:
 17250 strings out of 477850
 276818 string characters out of 5836818
 1870388 words of memory out of 5000000
 36791 multiletter control sequences out of 15000+600000
 534372 words of font info for 110 fonts, out of 8000000 for 9000
 85 hyphenation exceptions out of 8191
 105i,17n,104p,1070b,913s stack positions out of 10000i,1000n,20000p,200000b,200000s
</usr/share/texmf-dist/fonts/type1/public/amsfonts/cm/cmbx10.pfb></usr/share/texmf-dist/fonts/type1/public/amsfonts/cm/cmbx12.pfb></usr/share/texmf-dist/fonts/type1/public/amsfonts/cm/cmbx6.pfb></usr/share/texmf-dist/fonts/type1/public/amsfonts/cm/cmbx8.pfb></usr/share/texmf-dist/fonts/type1/public/amsfonts/cm/cmbxti10.pfb></usr/share/texmf-dist/fonts/type1/public/amsfonts/cm/cmex10.pfb></usr/share/texmf-dist/fonts/type1/public/amsfonts/cm/cmmi10.pfb></usr/share/texmf-dist/fonts/type1/public/amsfonts/cm/cmmi12.pfb></usr/share/texmf-dist/fonts/type1/public/amsfonts/cm/cmmi6.pfb></usr/share/texmf-dist/fonts/type1/public/amsfonts/cm/cmmi7.pfb></usr/share/texmf-dist/fonts/type1/public/amsfonts/cm/cmmi8.pfb></usr/share/texmf-dist/fonts/type1/public/amsfonts/cm/cmr10.pfb></usr/share/texmf-dist/fonts/type1/public/amsfonts/cm/cmr12.pfb></usr/share/texmf-dist/fonts/type1/public/amsfonts/cm/cmr17.pfb></usr/share/texmf-dist/fonts/type1/public/amsfonts/cm/cmr6.pfb></usr/share/texmf-dist/fonts/type1/public/amsfonts/cm/cmr8.pfb></usr/share/texmf-dist/fonts/type1/public/amsfonts/cm/cmss10.pfb></usr/share/texmf-dist/fonts/type1/public/amsfonts/cm/cmss12.pfb></usr/share/texmf-dist/fonts/type1/public/amsfonts/cm/cmssbx10.pfb></usr/share/texmf-dist/fonts/type1/public/amsfonts/cm/cmssi10.pfb></usr/share/texmf-dist/fonts/type1/public/amsfonts/cm/cmssi12.pfb></usr/share/texmf-dist/fonts/type1/public/amsfonts/cm/cmsy10.pfb></usr/share/texmf-dist/fonts/type1/public/amsfonts/cm/cmsy6.pfb></usr/share/texmf-dist/fonts/type1/public/amsfonts/cm/cmsy8.pfb></usr/share/texmf-dist/fonts/type1/public/amsfonts/cm/cmti12.pfb></usr/share/texmf-dist/fonts/type1/public/amsfonts/euler/eurm10.pfb></usr/share/texmf-dist/fonts/type1/public/amsfonts/symbols/msam10.pfb></usr/share/texmf-dist/fonts/type1/public/cm-super/sfrm1200.pfb></usr/share/texmf-dist/fonts/type1/public/cm-super/sfss1000.pfb>
Output written on template.pdf (78 pages, 7928416 bytes).
PDF statistics:
 58778 PDF objects out of 66169 (max. 8388607)
 38468 compressed objects within 385 object streams
 300 named destinations out of 1000 (max. 500000)
 733 words of extra memory for PDF output out of 10000 (max. 10000000)

